1651332892816:createCharacter Erin
1651332908391:startGame
1651332935577:x
1651332937149:help
1651332943857:create-character Erin
1651332947437:start-game
1651332955227:exit
1651425268349:help
1651425274042:create-character
1651425277374:create-character Erin
1651425355021:x
1651425356984:exit
1651427103027:help
1651427116716:create Erin
1651427119516:exit
1651427962565:help
1651427970912:create
1651427973447:E
1651427976635:s
1651427977537:n
1651427978043:w
1651427979173:x
1651427981426:exit
1651610227659:help
1651610239266:q
1651610453658:help
1651610457567:quit
1651610498241:x
1651610637432:help
1651610642215:start-game
1651610646216:E
1651610648374:q
